<?xml version="1.0" encoding="UTF-8"?>
<!-- Generated by org.testng.reporters.JUnitReportReporter -->
<testsuite hostname="saira" failures="0" tests="2" name="variousConcepts.ParllelTest" time="20.716" errors="0" timestamp="2024-01-30T00:13:52 CST" skipped="0">
  <testcase classname="variousConcepts.ParllelTest" name="ChromeTest" time="5.625"/>
  <system-out/>
  <testcase classname="variousConcepts.ParllelTest" name="EdgeTest" time="15.091"/>
  <system-out/>
</testsuite> <!-- variousConcepts.ParllelTest -->
