<?xml version="1.0" encoding="UTF-8"?>
<!-- Generated by org.testng.reporters.JUnitReportReporter -->
<testsuite hostname="saira" failures="0" tests="2" name="variousConcepts.testDataProvider" time="26.062" errors="0" timestamp="2024-01-31T08:40:03 CST" skipped="0">
  <testcase classname="variousConcepts.testDataProvider" name="testLogin" time="14.031"/>
  <system-out/>
  <testcase classname="variousConcepts.testDataProvider" name="testLogin" time="12.031"/>
  <system-out/>
</testsuite> <!-- variousConcepts.testDataProvider -->
